0 info it worked if it ends with ok
1 verbose cli [ '/Users/gabriel/.nvm/v0.11.14/bin/node',
1 verbose cli   '/Users/gabriel/.nvm/v0.11.14/bin/npm',
1 verbose cli   'install',
1 verbose cli   'libsass' ]
2 info using npm@2.0.0
3 info using node@v0.11.14
4 warn package.json apprenticeship@0.0.0 No description
5 warn package.json apprenticeship@0.0.0 No repository field.
6 warn package.json apprenticeship@0.0.0 No README data
7 verbose readDependencies using package.json deps
8 verbose cache add [ 'libsass', null ]
9 verbose cache add spec="libsass" args=["libsass",null]
10 verbose parsed spec { raw: 'libsass',
10 verbose parsed spec   scope: null,
10 verbose parsed spec   name: 'libsass',
10 verbose parsed spec   rawSpec: '',
10 verbose parsed spec   spec: '*',
10 verbose parsed spec   type: 'range' }
11 verbose parsed spec { raw: 'libsass',
11 verbose parsed spec   scope: null,
11 verbose parsed spec   name: 'libsass',
11 verbose parsed spec   rawSpec: '',
11 verbose parsed spec   spec: '*',
11 verbose parsed spec   type: 'range' }
12 verbose addNamed [ 'libsass', '*' ]
13 verbose addNamed [ null, '*' ]
14 silly lockFile da80fe71-libsass libsass@*
15 verbose lock libsass@* /Users/gabriel/.npm/da80fe71-libsass.lock
16 silly addNameRange { name: 'libsass', range: '*', hasData: false }
17 verbose mapToRegistry name libsass
18 verbose mapToRegistry uri https://registry.npmjs.org/libsass
19 verbose request on initialization, where is /libsass
20 verbose request after pass 1, where is /libsass
21 verbose request url raw /libsass
22 verbose request resolving registry [ 'https://registry.npmjs.org/', './libsass' ]
23 verbose request after pass 2, where is https://registry.npmjs.org/libsass
24 verbose request no auth needed
25 info attempt registry request try #1 at 18:31:17
26 verbose request id 8bc115b0d30b7e53
27 http request GET https://registry.npmjs.org/libsass
28 http 404 https://registry.npmjs.org/libsass
29 verbose headers { date: 'Fri, 17 Apr 2015 17:31:17 GMT',
29 verbose headers   server: 'CouchDB/1.5.0 (Erlang OTP/R16B03)',
29 verbose headers   'content-type': 'application/json',
29 verbose headers   'cache-control': 'max-age=0',
29 verbose headers   'content-length': '51',
29 verbose headers   'accept-ranges': 'bytes',
29 verbose headers   via: '1.1 varnish',
29 verbose headers   age: '0',
29 verbose headers   'x-served-by': 'cache-lhr6320-LHR',
29 verbose headers   'x-cache': 'MISS',
29 verbose headers   'x-cache-hits': '0',
29 verbose headers   'x-timer': 'S1429291877.662282,VS0,VE95',
29 verbose headers   connection: 'close' }
30 silly registry.get cb [ 404,
30 silly registry.get   { date: 'Fri, 17 Apr 2015 17:31:17 GMT',
30 silly registry.get     server: 'CouchDB/1.5.0 (Erlang OTP/R16B03)',
30 silly registry.get     'content-type': 'application/json',
30 silly registry.get     'cache-control': 'max-age=0',
30 silly registry.get     'content-length': '51',
30 silly registry.get     'accept-ranges': 'bytes',
30 silly registry.get     via: '1.1 varnish',
30 silly registry.get     age: '0',
30 silly registry.get     'x-served-by': 'cache-lhr6320-LHR',
30 silly registry.get     'x-cache': 'MISS',
30 silly registry.get     'x-cache-hits': '0',
30 silly registry.get     'x-timer': 'S1429291877.662282,VS0,VE95',
30 silly registry.get     connection: 'close' } ]
31 silly lockFile da80fe71-libsass libsass@*
32 silly lockFile da80fe71-libsass libsass@*
33 verbose stack Error: 404 Not Found: libsass
33 verbose stack     at RegClient.<anonymous> (/Users/gabriel/.nvm/v0.11.14/lib/node_modules/npm/node_modules/npm-registry-client/lib/request.js:259:14)
33 verbose stack     at Request._callback (/Users/gabriel/.nvm/v0.11.14/lib/node_modules/npm/node_modules/npm-registry-client/lib/request.js:198:65)
33 verbose stack     at Request.self.callback (/Users/gabriel/.nvm/v0.11.14/lib/node_modules/npm/node_modules/request/request.js:236:22)
33 verbose stack     at Request.emit (events.js:110:17)
33 verbose stack     at Request.<anonymous> (/Users/gabriel/.nvm/v0.11.14/lib/node_modules/npm/node_modules/request/request.js:1142:14)
33 verbose stack     at Request.emit (events.js:129:20)
33 verbose stack     at IncomingMessage.<anonymous> (/Users/gabriel/.nvm/v0.11.14/lib/node_modules/npm/node_modules/request/request.js:1096:12)
33 verbose stack     at IncomingMessage.emit (events.js:129:20)
33 verbose stack     at _stream_readable.js:907:16
33 verbose stack     at process._tickCallback (node.js:372:11)
34 verbose statusCode 404
35 verbose pkgid libsass
36 verbose cwd /Users/gabriel/groupbuddies/apprenticeship/gulp
37 error Darwin 14.1.0
38 error argv "/Users/gabriel/.nvm/v0.11.14/bin/node" "/Users/gabriel/.nvm/v0.11.14/bin/npm" "install" "libsass"
39 error node v0.11.14
40 error npm  v2.0.0
41 error code E404
42 error 404 Not Found: libsass
42 error 404
42 error 404 'libsass' is not in the npm registry.
42 error 404 You should bug the author to publish it (or use the name yourself!)
42 error 404 It was specified as a dependency of 'apprenticeship'
42 error 404
42 error 404 Note that you can also install from a
42 error 404 tarball, folder, http url, or git url.
43 verbose exit [ 1, true ]
